<?xml version="1.0" encoding="UTF-8"?>
<testsuite xmlns:xsi="http://www.w3.org/2001/XMLSchema-instance" xsi:noNamespaceSchemaLocation="https://maven.apache.org/surefire/maven-surefire-plugin/xsd/surefire-test-report.xsd" version="3.0.2" name="com.example.demo.DemoApplicationTests" time="0.452" tests="14" errors="0" skipped="0" failures="0">
  <properties>
[...]
</properties>
  <testcase name="filtersByCategoryOnly" classname="com.example.demo.DemoApplicationTests" time="0.084">
    <system-out><![CDATA[마감과 내구성이 좋습니다
]]></system-out>
  </testcase>
  <testcase name="textAnalyzerCountsSentimentsByKeyword" classname="com.example.demo.DemoApplicationTests" time="0.064"/>
  <testcase name="sentimentKeywordFileDbLoadsKeywordsFromCsvFile" classname="com.example.demo.DemoApplicationTests" time="0.115"/>
  <testcase name="filtersBySentimentAndCategoryTogether" classname="com.example.demo.DemoApplicationTests" time="0.009">
    <system-out><![CDATA[택배가 늦고 불만입니다
]]></system-out>
  </testcase>
  <testcase name="filtersNeutralKeywordAsNeutralWhenItOverlapsPositiveKeyword" classname="com.example.demo.DemoApplicationTests" time="0.006">
    <system-out><![CDATA[서비스가 괜찮습니다
]]></system-out>
  </testcase>
  <testcase name="textAnalyzerCountsCategoryMatches" classname="com.example.demo.DemoApplicationTests" time="0.003"/>
  <testcase name="loggerSuppressesWarningsWhenLogLevelIsError" classname="com.example.demo.DemoApplicationTests" time="0.012"/>
  <testcase name="fileHandlerSaveDelegatesToSaveResult" classname="com.example.demo.DemoApplicationTests" time="0.007"/>
  <testcase name="filtersBySentimentOnly" classname="com.example.demo.DemoApplicationTests" time="0.014">
    <system-out><![CDATA[배송이 늦고 불만입니다
]]></system-out>
  </testcase>
  <testcase name="loggerKeepsErrorsEnabledWhenLogLevelIsError" classname="com.example.demo.DemoApplicationTests" time="0.02"/>
  <testcase name="filtersReturnsAllWhenBothFiltersAreAll" classname="com.example.demo.DemoApplicationTests" time="0.004">
    <system-out><![CDATA[배송이 좋아요
가격이 비싸요
]]></system-out>
  </testcase>
  <testcase name="contextLoads" classname="com.example.demo.DemoApplicationTests" time="0.005"/>
  <testcase name="fileHandlerSaveResultPrintsDataSizeAndFeedbackText" classname="com.example.demo.DemoApplicationTests" time="0.006"/>
  <testcase name="feedbackTrendFileDbLoadsTrendPointsFromCsvFile" classname="com.example.demo.DemoApplicationTests" time="0.015"/>
</testsuite>